<?xml version="1.0" encoding="UTF-8"?>
<!-- Generated by org.testng.reporters.JUnitReportReporter -->
<testsuite hostname="Vivek" failures="0" tests="5" name="com.orangehrm.test.OrangeHRMTestCases" time="117.586" errors="0" timestamp="2025-09-08T15:31:58 IST" skipped="0">
  <testcase classname="com.orangehrm.test.OrangeHRMTestCases" name="verifyloginTestcase1" time="19.487"/>
  <testcase classname="com.orangehrm.test.OrangeHRMTestCases" name="AddingEmployeeTestCase2" time="32.897"/>
  <testcase classname="com.orangehrm.test.OrangeHRMTestCases" name="searchEmployeeQuickTest" time="19.759"/>
  <testcase classname="com.orangehrm.test.OrangeHRMTestCases" name="searchEmployeeLeaveList" time="24.791"/>
  <testcase classname="com.orangehrm.test.OrangeHRMTestCases" name="searchProject" time="20.652"/>
</testsuite> <!-- com.orangehrm.test.OrangeHRMTestCases -->
