<?xml version="1.0" encoding="UTF-8"?>
<!-- Generated by org.testng.reporters.JUnitReportReporter -->
<testsuite hostname="Vivek" failures="0" tests="5" name="com.orangehrm.test.OrangeHRMTestCases" time="40.871" errors="0" timestamp="2025-09-07T22:13:44 IST" skipped="4">
  <testcase classname="com.orangehrm.test.OrangeHRMTestCases" name="searchProject" time="40.871"/>
  <testcase classname="com.orangehrm.test.OrangeHRMTestCases" name="verifyloginTestcase1">
    <skipped/>
  </testcase> <!-- verifyloginTestcase1 -->
  <testcase classname="com.orangehrm.test.OrangeHRMTestCases" name="searchEmployeeLeaveList">
    <skipped/>
  </testcase> <!-- searchEmployeeLeaveList -->
  <testcase classname="com.orangehrm.test.OrangeHRMTestCases" name="AddingEmployeeTestCase2">
    <skipped/>
  </testcase> <!-- AddingEmployeeTestCase2 -->
  <testcase classname="com.orangehrm.test.OrangeHRMTestCases" name="searchEmployeeQuickTest">
    <skipped/>
  </testcase> <!-- searchEmployeeQuickTest -->
</testsuite> <!-- com.orangehrm.test.OrangeHRMTestCases -->
