<?xml version="1.0" encoding="UTF-8"?>
<!-- Generated by org.testng.reporters.JUnitReportReporter -->
<testsuite hostname="Vivek" failures="0" tests="5" name="com.orangehrm.test.OrangeHRMTestCases" time="364.305" errors="0" timestamp="2025-09-08T22:16:32 IST" skipped="0">
  <testcase classname="com.orangehrm.test.OrangeHRMTestCases" name="verifyloginTestcase1" time="56.209"/>
  <testcase classname="com.orangehrm.test.OrangeHRMTestCases" name="AddingEmployeeTestCase2" time="95.491"/>
  <testcase classname="com.orangehrm.test.OrangeHRMTestCases" name="searchEmployeeQuickTest" time="64.248"/>
  <testcase classname="com.orangehrm.test.OrangeHRMTestCases" name="searchEmployeeLeaveList" time="93.862"/>
  <testcase classname="com.orangehrm.test.OrangeHRMTestCases" name="searchProject" time="54.495"/>
</testsuite> <!-- com.orangehrm.test.OrangeHRMTestCases -->
